2017/08/12 21:13:54 INFO  - jmeter.util.JMeterUtils: Setting Locale to en_US 
2017/08/12 21:13:56 INFO  - jmeter.JMeter: Loading user properties from: C:\Users\XPS 1530\Desktop\Test Tools\apache-jmeter-3.0\apache-jmeter-3.0\bin\user.properties 
2017/08/12 21:13:56 INFO  - jmeter.JMeter: Loading system properties from: C:\Users\XPS 1530\Desktop\Test Tools\apache-jmeter-3.0\apache-jmeter-3.0\bin\system.properties 
2017/08/12 21:13:56 INFO  - jmeter.JMeter: Copyright (c) 1998-2016 The Apache Software Foundation 
2017/08/12 21:13:56 INFO  - jmeter.JMeter: Version 3.0 r1743807 
2017/08/12 21:13:56 INFO  - jmeter.JMeter: java.version=1.8.0_144 
2017/08/12 21:13:56 INFO  - jmeter.JMeter: java.vm.name=Java HotSpot(TM) Client VM 
2017/08/12 21:13:56 INFO  - jmeter.JMeter: os.name=Windows 10 
2017/08/12 21:13:56 INFO  - jmeter.JMeter: os.arch=x86 
2017/08/12 21:13:56 INFO  - jmeter.JMeter: os.version=10.0 
2017/08/12 21:13:56 INFO  - jmeter.JMeter: file.encoding=Cp1252 
2017/08/12 21:13:56 INFO  - jmeter.JMeter: Max memory     =1060372480 
2017/08/12 21:13:56 INFO  - jmeter.JMeter: Available Processors =2 
2017/08/12 21:13:56 INFO  - jmeter.JMeter: Default Locale=English (United States) 
2017/08/12 21:13:56 INFO  - jmeter.JMeter: JMeter  Locale=English (United States) 
2017/08/12 21:13:56 INFO  - jmeter.JMeter: JMeterHome=C:\Users\XPS 1530\Desktop\Test Tools\apache-jmeter-3.0\apache-jmeter-3.0 
2017/08/12 21:13:56 INFO  - jmeter.JMeter: user.dir  =C:\Users\XPS 1530\Desktop\Test Tools\apache-jmeter-3.0\apache-jmeter-3.0\bin 
2017/08/12 21:13:56 INFO  - jmeter.JMeter: PWD       =C:\Users\XPS 1530\Desktop\Test Tools\apache-jmeter-3.0\apache-jmeter-3.0\bin 
2017/08/12 21:13:56 INFO  - jmeter.JMeter: IP: 192.168.1.10 Name: XPS1530-PC FullName: XPS1530-PC 
2017/08/12 21:13:56 INFO  - jmeter.gui.action.LookAndFeelCommand: Using look and feel: javax.swing.plaf.metal.MetalLookAndFeel [Metal, CrossPlatform] 
2017/08/12 21:13:57 INFO  - jmeter.JMeter: Loaded icon properties from org/apache/jmeter/images/icon.properties 
2017/08/12 21:13:58 INFO  - jmeter.engine.util.CompoundVariable: Note: Function class names must contain the string: '.functions.' 
2017/08/12 21:13:58 INFO  - jmeter.engine.util.CompoundVariable: Note: Function class names must not contain the string: '.gui.' 
2017/08/12 21:14:00 INFO  - jmeter.util.BSFTestElement: Registering JMeter version of JavaScript engine as work-round for BSF-22 
2017/08/12 21:14:01 INFO  - jmeter.protocol.http.sampler.HTTPSamplerBase: Parser for text/html is org.apache.jmeter.protocol.http.parser.LagartoBasedHtmlParser 
2017/08/12 21:14:01 INFO  - jmeter.protocol.http.sampler.HTTPSamplerBase: Parser for application/xhtml+xml is org.apache.jmeter.protocol.http.parser.LagartoBasedHtmlParser 
2017/08/12 21:14:01 INFO  - jmeter.protocol.http.sampler.HTTPSamplerBase: Parser for application/xml is org.apache.jmeter.protocol.http.parser.LagartoBasedHtmlParser 
2017/08/12 21:14:01 INFO  - jmeter.protocol.http.sampler.HTTPSamplerBase: Parser for text/xml is org.apache.jmeter.protocol.http.parser.LagartoBasedHtmlParser 
2017/08/12 21:14:01 INFO  - jmeter.protocol.http.sampler.HTTPSamplerBase: Parser for text/vnd.wap.wml is org.apache.jmeter.protocol.http.parser.RegexpHTMLParser 
2017/08/12 21:14:01 INFO  - jmeter.protocol.http.sampler.HTTPSamplerBase: Parser for text/css is org.apache.jmeter.protocol.http.parser.CssParser 
2017/08/12 21:14:02 INFO  - jorphan.exec.KeyToolUtils: keytool found at 'C:\Program Files\Java\jre1.8.0_144\bin\keytool' 
2017/08/12 21:14:02 INFO  - jmeter.protocol.http.proxy.ProxyControl: HTTP(S) Test Script Recorder SSL Proxy will use keys that support embedded 3rd party resources in file C:\Users\XPS 1530\Desktop\Test Tools\apache-jmeter-3.0\apache-jmeter-3.0\bin\proxyserver.jks 
2017/08/12 21:14:02 INFO  - jmeter.gui.util.MenuFactory: Skipping org.apache.jmeter.protocol.mongodb.config.MongoSourceElement 
2017/08/12 21:14:02 INFO  - jmeter.gui.util.MenuFactory: Skipping org.apache.jmeter.protocol.mongodb.sampler.MongoScriptSampler 
2017/08/12 21:14:03 WARN  - jmeter.samplers.SampleSaveConfiguration: jmeter.save.saveservice.output_format has unexepected value: 'xml ' - assuming 'csv' format 
2017/08/12 21:14:03 INFO  - jmeter.gui.util.MenuFactory: Skipping org.apache.jmeter.visualizers.DistributionGraphVisualizer 
2017/08/12 21:14:03 INFO  - jmeter.samplers.SampleResult: Note: Sample TimeStamps are START times 
2017/08/12 21:14:03 INFO  - jmeter.samplers.SampleResult: sampleresult.default.encoding is set to ISO-8859-1 
2017/08/12 21:14:03 INFO  - jmeter.samplers.SampleResult: sampleresult.useNanoTime=true 
2017/08/12 21:14:03 INFO  - jmeter.samplers.SampleResult: sampleresult.nanoThreadSleep=5000 
2017/08/12 21:14:03 INFO  - jmeter.gui.util.MenuFactory: Skipping org.apache.jmeter.visualizers.SplineVisualizer 
2017/08/12 21:14:44 INFO  - jmeter.services.FileServer: Default base='C:\Users\XPS 1530\Desktop\Test Tools\apache-jmeter-3.0\apache-jmeter-3.0\bin' 
2017/08/12 21:14:44 INFO  - jmeter.services.FileServer: Set new base='C:\Users\XPS 1530\Desktop\Test Tools\apache-jmeter-3.0\apache-jmeter-3.0\bin' 
2017/08/12 21:14:44 INFO  - jmeter.save.SaveService: Testplan (JMX) version: 2.2. Testlog (JTL) version: 2.2 
2017/08/12 21:14:45 INFO  - jmeter.save.SaveService: Using SaveService properties file encoding UTF-8 
2017/08/12 21:14:45 INFO  - jmeter.save.SaveService: Using SaveService properties version 2.9 
2017/08/12 21:14:45 INFO  - jmeter.save.SaveService: All converter versions present and correct 
2017/08/12 21:19:53 INFO  - jmeter.engine.StandardJMeterEngine: Running the test! 
2017/08/12 21:19:53 INFO  - jmeter.samplers.SampleEvent: List of sample_variables: [] 
2017/08/12 21:19:53 INFO  - jmeter.samplers.SampleEvent: List of sample_variables: [] 
2017/08/12 21:19:53 INFO  - jmeter.gui.util.JMeterMenuBar: setRunning(true,*local*) 
2017/08/12 21:19:53 INFO  - jmeter.engine.StandardJMeterEngine: Starting ThreadGroup: 1 : Thread Group 
2017/08/12 21:19:53 INFO  - jmeter.engine.StandardJMeterEngine: Starting 1 threads for group Thread Group. 
2017/08/12 21:19:53 INFO  - jmeter.engine.StandardJMeterEngine: Thread will continue on error 
2017/08/12 21:19:53 INFO  - jmeter.threads.ThreadGroup: Starting thread group number 1 threads 1 ramp-up 1 perThread 1000.0 delayedStart=false 
2017/08/12 21:19:53 INFO  - jmeter.threads.ThreadGroup: Started thread group number 1 
2017/08/12 21:19:53 INFO  - jmeter.engine.StandardJMeterEngine: All thread groups have been started 
2017/08/12 21:19:53 INFO  - jmeter.threads.JMeterThread: Thread started: Thread Group 1-1 
2017/08/12 21:19:53 INFO  - jmeter.protocol.http.sampler.HTTPHCAbstractImpl: Local host = XPS1530-PC 
2017/08/12 21:19:53 INFO  - jmeter.protocol.http.sampler.HTTPHC4Impl: HTTP request retry count = 0 
2017/08/12 21:19:54 INFO  - jmeter.threads.JMeterThread: Thread is done: Thread Group 1-1 
2017/08/12 21:19:54 INFO  - jmeter.threads.JMeterThread: Thread finished: Thread Group 1-1 
2017/08/12 21:19:54 INFO  - jmeter.engine.StandardJMeterEngine: Notifying test listeners of end of test 
2017/08/12 21:19:54 INFO  - jmeter.gui.util.JMeterMenuBar: setRunning(false,*local*) 
2017/08/12 21:23:30 INFO  - jmeter.services.FileServer: Set new base='C:\Users\XPS 1530\Desktop\Test Tools\apache-jmeter-3.0\apache-jmeter-3.0\bin' 
